This is pdfTeX, Version 3.14159265-2.6-1.40.18 (TeX Live 2017) (preloaded format=pdflatex 2017.8.22)  19 OCT 2017 09:14
entering extended mode
 restricted \write18 enabled.
 file:line:error style messages enabled.
 %&-line parsing enabled.
**Auswertung.tex
(./Auswertung.tex
LaTeX2e <2017-04-15>
Babel <3.10> and hyphenation patterns for 84 language(s) loaded.
(/usr/local/texlive/2017/texmf-dist/tex/latex/base/article.cls
Document Class: article 2014/09/29 v1.4h Standard LaTeX document class
(/usr/local/texlive/2017/texmf-dist/tex/latex/base/size12.clo
File: size12.clo 2014/09/29 v1.4h Standard LaTeX file (size option)
)
\c@part=\count79
\c@section=\count80
\c@subsection=\count81
\c@subsubsection=\count82
\c@paragraph=\count83
\c@subparagraph=\count84
\c@figure=\count85
\c@table=\count86
\abovecaptionskip=\skip41
\belowcaptionskip=\skip42
\bibindent=\dimen102
) (/usr/local/texlive/2017/texmf-dist/tex/latex/graphics/graphicx.sty
Package: graphicx 2014/10/28 v1.0g Enhanced LaTeX Graphics (DPC,SPQR)
 (/usr/local/texlive/2017/texmf-dist/tex/latex/graphics/keyval.sty
Package: keyval 2014/10/28 v1.15 key=value parser (DPC)
\KV@toks@=\toks14
) (/usr/local/texlive/2017/texmf-dist/tex/latex/graphics/graphics.sty
Package: graphics 2017/04/14 v1.1b Standard LaTeX Graphics (DPC,SPQR)
 (/usr/local/texlive/2017/texmf-dist/tex/latex/graphics/trig.sty
Package: trig 2016/01/03 v1.10 sin cos tan (DPC)
) (/usr/local/texlive/2017/texmf-dist/tex/latex/graphics-cfg/graphics.cfg
File: graphics.cfg 2016/06/04 v1.11 sample graphics configuration
)
Package graphics Info: Driver file: pdftex.def on input line 99.
 (/usr/local/texlive/2017/texmf-dist/tex/latex/graphics-def/pdftex.def
File: pdftex.def 2017/01/12 v0.06k Graphics/color for pdfTeX
 (/usr/local/texlive/2017/texmf-dist/tex/generic/oberdiek/infwarerr.sty
Package: infwarerr 2016/05/16 v1.4 Providing info/warning/error messages (HO)
) (/usr/local/texlive/2017/texmf-dist/tex/generic/oberdiek/ltxcmds.sty
Package: ltxcmds 2016/05/16 v1.23 LaTeX kernel commands for general use (HO)
)
\Gread@gobject=\count87
))
\Gin@req@height=\dimen103
\Gin@req@width=\dimen104
) (/usr/local/texlive/2017/texmf-dist/tex/latex/float/float.sty
Package: float 2001/11/08 v1.3d Float enhancements (AL)
\c@float@type=\count88
\float@exts=\toks15
\float@box=\box26
\@float@everytoks=\toks16
\@floatcapt=\box27
) (/usr/local/texlive/2017/texmf-dist/tex/generic/babel/babel.sty
Package: babel 2017/05/19 3.10 The Babel package
 (/usr/local/texlive/2017/texmf-dist/tex/generic/babel-german/ngerman.ldf
Language: ngerman 2016/11/02 v2.9 German support for babel (new orthography)
 (/usr/local/texlive/2017/texmf-dist/tex/generic/babel-german/ngermanb.ldf
Language: ngermanb 2016/11/02 v2.9 German support for babel (new orthography)
 (/usr/local/texlive/2017/texmf-dist/tex/generic/babel/babel.def
File: babel.def 2017/05/19 3.10 Babel common definitions
\babel@savecnt=\count89
\U@D=\dimen105
)
Package babel Info: Making " an active character on input line 125.
)))
(/usr/local/texlive/2017/texmf-dist/tex/latex/base/inputenc.sty
Package: inputenc 2015/03/17 v1.2c Input encoding file
\inpenc@prehook=\toks17
\inpenc@posthook=\toks18
 (/usr/local/texlive/2017/texmf-dist/tex/latex/ucs/utf8x.def
File: utf8x.def 2004/10/17 UCS: Input encoding UTF-8
)) (/usr/local/texlive/2017/texmf-dist/tex/latex/ucs/ucs.sty
Package: ucs 2013/05/11 v2.2 UCS: Unicode input support
 (/usr/local/texlive/2017/texmf-dist/tex/latex/ucs/data/uni-global.def
File: uni-global.def 2013/05/13 UCS: Unicode global data
)
\uc@secondtry=\count90
\uc@combtoks=\toks19
\uc@combtoksb=\toks20
\uc@temptokena=\toks21
) (/usr/local/texlive/2017/texmf-dist/tex/latex/mathastext/mathastext.sty
Package: mathastext 2016/11/06 v1.3r Use the text font in math mode (JFB)
\mst@exists@muskip=\muskip10
\mst@forall@muskip=\muskip11
\mst@prime@muskip=\muskip12
\mst@do@nonletters=\toks22
\mst@do@easynonletters=\toks23
\mst@do@az=\toks24
\mst@do@AZ=\toks25
\symmtoperatorfont=\mathgroup4
\symmtletterfont=\mathgroup5
\symmtlgrfontlower=\mathgroup6
\symmtlgrfontupper=\mathgroup7
LaTeX Font Info:    Overwriting math alphabet `\mathnormalbold' in version `normal'
(Font)                  OT1/cmr/bx/n --> OT1/cmr/bx/n on input line 1102.
LaTeX Font Info:    Overwriting math alphabet `\mathnormalbold' in version `bold'
(Font)                  OT1/cmr/bx/n --> OT1/cmr/bx/n on input line 1102.
LaTeX Font Info:    Overwriting symbol font `mtletterfont' in version `normal'
(Font)                  OT1/cmr/m/n --> OT1/cmr/m/n on input line 1102.
LaTeX Font Info:    Overwriting symbol font `mtletterfont' in version `bold'
(Font)                  OT1/cmr/m/n --> OT1/cmr/bx/n on input line 1102.
LaTeX Font Info:    Overwriting symbol font `mtoperatorfont' in version `normal'
(Font)                  OT1/cmr/m/n --> OT1/cmr/m/n on input line 1102.
LaTeX Font Info:    Overwriting symbol font `mtoperatorfont' in version `bold'
(Font)                  OT1/cmr/m/n --> OT1/cmr/bx/n on input line 1102.
LaTeX Font Info:    Overwriting math alphabet `\Mathbf' in version `normal'
(Font)                  OT1/cmr/bx/n --> OT1/cmr/bx/n on input line 1102.
LaTeX Font Info:    Overwriting math alphabet `\Mathbf' in version `bold'
(Font)                  OT1/cmr/bx/n --> OT1/cmr/bx/n on input line 1102.
LaTeX Font Info:    Overwriting math alphabet `\Mathit' in version `normal'
(Font)                  OT1/cmr/m/it --> OT1/cmr/m/it on input line 1102.
LaTeX Font Info:    Overwriting math alphabet `\Mathit' in version `bold'
(Font)                  OT1/cmr/m/it --> OT1/cmr/bx/it on input line 1102.
LaTeX Font Info:    Overwriting math alphabet `\Mathsf' in version `normal'
(Font)                  OT1/cmss/m/n --> OT1/cmss/m/n on input line 1102.
LaTeX Font Info:    Overwriting math alphabet `\Mathsf' in version `bold'
(Font)                  OT1/cmss/m/n --> OT1/cmss/bx/n on input line 1102.
LaTeX Font Info:    Overwriting math alphabet `\Mathtt' in version `normal'
(Font)                  OT1/cmtt/m/n --> OT1/cmtt/m/n on input line 1102.
LaTeX Font Info:    Overwriting math alphabet `\Mathtt' in version `bold'
(Font)                  OT1/cmtt/m/n --> OT1/cmtt/bx/n on input line 1102.
LaTeX Font Info:    Overwriting symbol font `mtlgrfontlower' in version `normal'
(Font)                  LGR/cmr/m/n --> LGR/cmr/m/n on input line 1102.
LaTeX Font Info:    Overwriting symbol font `mtlgrfontlower' in version `bold'
(Font)                  LGR/cmr/m/n --> LGR/cmr/bx/n on input line 1102.
LaTeX Font Info:    Overwriting symbol font `mtlgrfontupper' in version `normal'
(Font)                  LGR/cmr/m/n --> LGR/cmr/m/n on input line 1102.
LaTeX Font Info:    Overwriting symbol font `mtlgrfontupper' in version `bold'
(Font)                  LGR/cmr/m/n --> LGR/cmr/bx/n on input line 1102.

** Latin letters in the normal (resp. bold) math versions are now
** set up to use the fonts OT1/cmr/m(bx)/n
** Greek letters (n/n) will use LGR/cmr
** Other characters (digits, ...) and \log-like names will be
** typeset with the n shape.
** ! and ?
** punctuation: , . : ; and \colon
LaTeX Info: Redefining \relbar on input line 1248.
** minus as endash
** \hbar
** + and =
LaTeX Info: Redefining \Relbar on input line 1350.
** adding = ; and + to \nfss@catcodes
** parentheses ( ) [ ] and slash /
** \# \mathdollar \% \& 
** \i and \j 
LaTeX Info: Redefining \i on input line 1988.
LaTeX Info: Redefining \j on input line 1989.
** \Huge and \HUGE have been (re)-defined.
** mathastext has declared larger sizes for subscripts.
** To keep LaTeX defaults, use option `defaultmathsizes'.
) (./Auswertung.aux)
\openout1 = `Auswertung.aux'.

LaTeX Font Info:    Checking defaults for OML/cmm/m/it on input line 19.
LaTeX Font Info:    ... okay on input line 19.
LaTeX Font Info:    Checking defaults for T1/cmr/m/n on input line 19.
LaTeX Font Info:    ... okay on input line 19.
LaTeX Font Info:    Checking defaults for OT1/cmr/m/n on input line 19.
LaTeX Font Info:    ... okay on input line 19.
LaTeX Font Info:    Checking defaults for OMS/cmsy/m/n on input line 19.
LaTeX Font Info:    ... okay on input line 19.
LaTeX Font Info:    Checking defaults for OMX/cmex/m/n on input line 19.
LaTeX Font Info:    ... okay on input line 19.
LaTeX Font Info:    Checking defaults for U/cmr/m/n on input line 19.
LaTeX Font Info:    ... okay on input line 19.
LaTeX Font Info:    Checking defaults for LGR/cmr/m/n on input line 19.
LaTeX Font Info:    Try loading font information for LGR+cmr on input line 19.
 (/usr/local/texlive/2017/texmf-dist/tex/latex/cbfonts-fd/lgrcmr.fd
File: lgrcmr.fd 2016/03/04 v1.1 Greek European Computer Regular
)
LaTeX Font Info:    ... okay on input line 19.
 (/usr/local/texlive/2017/texmf-dist/tex/context/base/mkii/supp-pdf.mkii
[Loading MPS to PDF converter (version 2006.09.02).]
\scratchcounter=\count91
\scratchdimen=\dimen106
\scratchbox=\box28
\nofMPsegments=\count92
\nofMParguments=\count93
\everyMPshowfont=\toks26
\MPscratchCnt=\count94
\MPscratchDim=\dimen107
\MPnumerator=\count95
\makeMPintoPDFobject=\count96
\everyMPtoPDFconversion=\toks27
) (/usr/local/texlive/2017/texmf-dist/tex/generic/oberdiek/pdftexcmds.sty
Package: pdftexcmds 2017/03/19 v0.25 Utility functions of pdfTeX for LuaTeX (HO)
 (/usr/local/texlive/2017/texmf-dist/tex/generic/oberdiek/ifluatex.sty
Package: ifluatex 2016/05/16 v1.4 Provides the ifluatex switch (HO)
Package ifluatex Info: LuaTeX not detected.
) (/usr/local/texlive/2017/texmf-dist/tex/generic/oberdiek/ifpdf.sty
Package: ifpdf 2017/03/15 v3.2 Provides the ifpdf switch
)
Package pdftexcmds Info: LuaTeX not detected.
Package pdftexcmds Info: \pdf@primitive is available.
Package pdftexcmds Info: \pdf@ifprimitive is available.
Package pdftexcmds Info: \pdfdraftmode found.
) (/usr/local/texlive/2017/texmf-dist/tex/latex/oberdiek/epstopdf-base.sty
Package: epstopdf-base 2016/05/15 v2.6 Base part for package epstopdf
 (/usr/local/texlive/2017/texmf-dist/tex/latex/oberdiek/grfext.sty
Package: grfext 2016/05/16 v1.2 Manage graphics extensions (HO)
 (/usr/local/texlive/2017/texmf-dist/tex/generic/oberdiek/kvdefinekeys.sty
Package: kvdefinekeys 2016/05/16 v1.4 Define keys (HO)
)) (/usr/local/texlive/2017/texmf-dist/tex/latex/oberdiek/kvoptions.sty
Package: kvoptions 2016/05/16 v3.12 Key value format for package options (HO)
 (/usr/local/texlive/2017/texmf-dist/tex/generic/oberdiek/kvsetkeys.sty
Package: kvsetkeys 2016/05/16 v1.17 Key value parser (HO)
 (/usr/local/texlive/2017/texmf-dist/tex/generic/oberdiek/etexcmds.sty
Package: etexcmds 2016/05/16 v1.6 Avoid name clashes with e-TeX commands (HO)
Package etexcmds Info: Could not find \expanded.
(etexcmds)             That can mean that you are not using pdfTeX 1.50 or
(etexcmds)             that some package has redefined \expanded.
(etexcmds)             In the latter case, load this package earlier.
)))
Package epstopdf-base Info: Redefining graphics rule for `.eps' on input line 438.
Package grfext Info: Graphics extension search list:
(grfext)             [.png,.pdf,.jpg,.mps,.jpeg,.jbig2,.jb2,.PNG,.PDF,.JPG,.JPEG,.JBIG2,.JB2,.eps]
(grfext)             \AppendGraphicsExtensions on input line 456.
 (/usr/local/texlive/2017/texmf-dist/tex/latex/latexconfig/epstopdf-sys.cfg
File: epstopdf-sys.cfg 2010/07/13 v1.3 Configuration of (r)epstopdf for TeX Live
)) (/usr/local/texlive/2017/texmf-dist/tex/latex/ucs/ucsencs.def
File: ucsencs.def 2011/01/21 Fixes to fontencodings LGR, T3

fontencoding LGR patched
)
LaTeX Font Info:    External font `cmex10' loaded for size
(Font)              <17.28> on input line 27.
LaTeX Font Info:    External font `cmex10' loaded for size
(Font)              <14.4> on input line 27.
LaTeX Font Info:    External font `cmex10' loaded for size
(Font)              <12> on input line 27.
LaTeX Font Info:    External font `cmex10' loaded for size
(Font)              <8> on input line 27.
LaTeX Font Info:    External font `cmex10' loaded for size
(Font)              <6> on input line 27.
LaTeX Font Info:    External font `cmex10' loaded for size
(Font)              <10.95> on input line 37.
LaTeX Font Info:    External font `cmex10' loaded for size
(Font)              <9> on input line 37.
LaTeX Font Info:    External font `cmex10' loaded for size
(Font)              <7> on input line 37.
 [1

{/usr/local/texlive/2017/texmf-var/fonts/map/pdftex/updmap/pdftex.map}] [2] (./Auswertung.toc
Underfull \hbox (badness 10000) in paragraph at lines 29--29
 []  
 []

)
\tf@toc=\write3
\openout3 = `Auswertung.toc'.

 [3] (/usr/local/texlive/2017/texmf-dist/tex/latex/ucs/data/uni-0.def
File: uni-0.def 2013/05/13 UCS: Unicode data U+0000..U+00FF
) <Versuchsaufbau.png, id=18, 610.28pt x 687.56876pt>
File: Versuchsaufbau.png Graphic file (type png)
 <use Versuchsaufbau.png>
Package pdftex.def Info: Versuchsaufbau.png used on input line 89.
(pdftex.def)             Requested size: 199.16928pt x 224.39093pt.
 [4] <VE-Wasser/Leitfaehigkeit.pdf, id=24, 462.52798pt x 346.89601pt>
File: VE-Wasser/Leitfaehigkeit.pdf Graphic file (type pdf)
 <use VE-Wasser/Leitfaehigkeit.pdf>
Package pdftex.def Info: VE-Wasser/Leitfaehigkeit.pdf used on input line 112.
(pdftex.def)             Requested size: 234.73523pt x 176.05182pt.
 <VE-Wasser/Windgeschwindigkeit.pdf, id=25, 462.52798pt x 346.89601pt>
File: VE-Wasser/Windgeschwindigkeit.pdf Graphic file (type pdf)
 <use VE-Wasser/Windgeschwindigkeit.pdf>
Package pdftex.def Info: VE-Wasser/Windgeschwindigkeit.pdf used on input line 118.
(pdftex.def)             Requested size: 234.73523pt x 176.05182pt.
 <VE-Wasser/Wassertemperatur.pdf, id=26, 462.52798pt x 346.89601pt>
File: VE-Wasser/Wassertemperatur.pdf Graphic file (type pdf)
 <use VE-Wasser/Wassertemperatur.pdf>
Package pdftex.def Info: VE-Wasser/Wassertemperatur.pdf used on input line 125.
(pdftex.def)             Requested size: 234.73523pt x 176.05182pt.
 <VE-Wasser/Partialdruck.pdf, id=27, 462.52798pt x 346.89601pt>
File: VE-Wasser/Partialdruck.pdf Graphic file (type pdf)
 <use VE-Wasser/Partialdruck.pdf>
Package pdftex.def Info: VE-Wasser/Partialdruck.pdf used on input line 131.
(pdftex.def)             Requested size: 234.73523pt x 176.05182pt.
 <VE-Wasser/Wasserhoehe.pdf, id=28, 462.52798pt x 346.89601pt>
File: VE-Wasser/Wasserhoehe.pdf Graphic file (type pdf)
 <use VE-Wasser/Wasserhoehe.pdf>
Package pdftex.def Info: VE-Wasser/Wasserhoehe.pdf used on input line 138.
(pdftex.def)             Requested size: 234.73523pt x 176.05182pt.
 [5 <./Versuchsaufbau.png>] [6 <./VE-Wasser/Leitfaehigkeit.pdf> <./VE-Wasser/Windgeschwindigkeit.pdf

pdfTeX warning: pdflatex (file ./VE-Wasser/Windgeschwindigkeit.pdf): PDF inclusion: multiple pdfs with page group included in a single page
> <./VE-Wasser/Wassertemperatur.pdf

pdfTeX warning: pdflatex (file ./VE-Wasser/Wassertemperatur.pdf): PDF inclusion: multiple pdfs with page group included in a single page
> <./VE-Wasser/Partialdruck.pdf

pdfTeX warning: pdflatex (file ./VE-Wasser/Partialdruck.pdf): PDF inclusion: multiple pdfs with page group included in a single page
> <./VE-Wasser/Wasserhoehe.pdf

pdfTeX warning: pdflatex (file ./VE-Wasser/Wasserhoehe.pdf): PDF inclusion: multiple pdfs with page group included in a single page
>]

LaTeX Warning: Command \textdegree invalid in math mode on input line 180.

[7] <VE-Wasser/LeitfaehigkeitQuadrat.pdf, id=312, 462.52798pt x 346.89601pt>
File: VE-Wasser/LeitfaehigkeitQuadrat.pdf Graphic file (type pdf)
 <use VE-Wasser/LeitfaehigkeitQuadrat.pdf>
Package pdftex.def Info: VE-Wasser/LeitfaehigkeitQuadrat.pdf used on input line 204.
(pdftex.def)             Requested size: 341.43306pt x 256.085pt.

Underfull \hbox (badness 10000) in paragraph at lines 208--212

 []

[8 <./VE-Wasser/LeitfaehigkeitQuadrat.pdf>]
Overfull \hbox (21.2832pt too wide) in paragraph at lines 235--235
 [][] 
 []


Underfull \hbox (badness 6412) in paragraph at lines 235--235
[]\OT1/cmr/m/n/12 Abbildung 8: []Ubersicht der
 []


Underfull \hbox (badness 10000) in paragraph at lines 235--235
\OT1/cmr/m/n/12 ver-schie-de-nen $[]$ und m
 []


Underfull \hbox (badness 10000) in paragraph at lines 235--235
\OT1/cmr/m/n/12 f[]ur un-ter-schied-li-che Wel-
 []

<VE-Wasser/Indikator.pdf, id=364, 462.52798pt x 346.89601pt>
File: VE-Wasser/Indikator.pdf Graphic file (type pdf)
 <use VE-Wasser/Indikator.pdf>
Package pdftex.def Info: VE-Wasser/Indikator.pdf used on input line 241.
(pdftex.def)             Requested size: 270.30118pt x 202.73485pt.
 <VE-Wasser/Referenzspektren.pdf, id=365, 462.52798pt x 346.89601pt>
File: VE-Wasser/Referenzspektren.pdf Graphic file (type pdf)
 <use VE-Wasser/Referenzspektren.pdf>
Package pdftex.def Info: VE-Wasser/Referenzspektren.pdf used on input line 255.
(pdftex.def)             Requested size: 341.43306pt x 256.085pt.
 [9 <./VE-Wasser/Indikator.pdf>] <VE-Wasser/TransferGeschw.pdf, id=414, 462.52798pt x 346.89601pt>
File: VE-Wasser/TransferGeschw.pdf Graphic file (type pdf)
 <use VE-Wasser/TransferGeschw.pdf>
Package pdftex.def Info: VE-Wasser/TransferGeschw.pdf used on input line 281.
(pdftex.def)             Requested size: 234.73523pt x 176.05182pt.
 <VE-Wasser/TransferGeschwKnick.pdf, id=415, 462.52798pt x 346.89601pt>
File: VE-Wasser/TransferGeschwKnick.pdf Graphic file (type pdf)
 <use VE-Wasser/TransferGeschwKnick.pdf>
Package pdftex.def Info: VE-Wasser/TransferGeschwKnick.pdf used on input line 287.
(pdftex.def)             Requested size: 234.73523pt x 176.05182pt.
 [10 <./VE-Wasser/Referenzspektren.pdf>]
Underfull \hbox (badness 10000) in paragraph at lines 312--313

 []

LaTeX Font Info:    Try loading font information for OMS+cmr on input line 318.
(/usr/local/texlive/2017/texmf-dist/tex/latex/base/omscmr.fd
File: omscmr.fd 2014/09/29 v2.5h Standard LaTeX font definitions
)
LaTeX Font Info:    Font shape `OMS/cmr/m/n' in size <12> not available
(Font)              Font shape `OMS/cmsy/m/n' tried instead on input line 318.
 [11 <./VE-Wasser/TransferGeschw.pdf> <./VE-Wasser/TransferGeschwKnick.pdf

pdfTeX warning: pdflatex (file ./VE-Wasser/TransferGeschwKnick.pdf): PDF inclusion: multiple pdfs with page group included in a single page
>] <VE-Wasser/TransferhIKnick.pdf, id=548, 462.52798pt x 346.89601pt>
File: VE-Wasser/TransferhIKnick.pdf Graphic file (type pdf)
 <use VE-Wasser/TransferhIKnick.pdf>
Package pdftex.def Info: VE-Wasser/TransferhIKnick.pdf used on input line 335.
(pdftex.def)             Requested size: 341.43306pt x 256.085pt.
 [12 <./VE-Wasser/TransferhIKnick.pdf>] <Meerwasser/Leitfaehigkeit.pdf, id=593, 462.52798pt x 346.89601pt>
File: Meerwasser/Leitfaehigkeit.pdf Graphic file (type pdf)
 <use Meerwasser/Leitfaehigkeit.pdf>
Package pdftex.def Info: Meerwasser/Leitfaehigkeit.pdf used on input line 385.
(pdftex.def)             Requested size: 234.73523pt x 176.05182pt.
 <Meerwasser/Windgeschwindigkeit.pdf, id=594, 462.52798pt x 346.89601pt>
File: Meerwasser/Windgeschwindigkeit.pdf Graphic file (type pdf)
 <use Meerwasser/Windgeschwindigkeit.pdf>
Package pdftex.def Info: Meerwasser/Windgeschwindigkeit.pdf used on input line 391.
(pdftex.def)             Requested size: 234.73523pt x 176.05182pt.
 <Meerwasser/Wassertemperatur.pdf, id=595, 462.52798pt x 346.89601pt>
File: Meerwasser/Wassertemperatur.pdf Graphic file (type pdf)
 <use Meerwasser/Wassertemperatur.pdf>
Package pdftex.def Info: Meerwasser/Wassertemperatur.pdf used on input line 398.
(pdftex.def)             Requested size: 234.73523pt x 176.05182pt.
 <Meerwasser/Partialdruck.pdf, id=596, 462.52798pt x 346.89601pt>
File: Meerwasser/Partialdruck.pdf Graphic file (type pdf)
 <use Meerwasser/Partialdruck.pdf>
Package pdftex.def Info: Meerwasser/Partialdruck.pdf used on input line 404.
(pdftex.def)             Requested size: 234.73523pt x 176.05182pt.
 <Meerwasser/Wasserhoehe.pdf, id=597, 462.52798pt x 346.89601pt>
File: Meerwasser/Wasserhoehe.pdf Graphic file (type pdf)
 <use Meerwasser/Wasserhoehe.pdf>
Package pdftex.def Info: Meerwasser/Wasserhoehe.pdf used on input line 411.
(pdftex.def)             Requested size: 234.73523pt x 176.05182pt.
 [13]
Underfull \hbox (badness 10000) in paragraph at lines 426--428

 []

[14 <./Meerwasser/Leitfaehigkeit.pdf> <./Meerwasser/Windgeschwindigkeit.pdf

pdfTeX warning: pdflatex (file ./Meerwasser/Windgeschwindigkeit.pdf): PDF inclusion: multiple pdfs with page group included in a single page
> <./Meerwasser/Wassertemperatur.pdf

pdfTeX warning: pdflatex (file ./Meerwasser/Wassertemperatur.pdf): PDF inclusion: multiple pdfs with page group included in a single page
> <./Meerwasser/Partialdruck.pdf

pdfTeX warning: pdflatex (file ./Meerwasser/Partialdruck.pdf): PDF inclusion: multiple pdfs with page group included in a single page
> <./Meerwasser/Wasserhoehe.pdf

pdfTeX warning: pdflatex (file ./Meerwasser/Wasserhoehe.pdf): PDF inclusion: multiple pdfs with page group included in a single page
>]
Underfull \hbox (badness 10000) in paragraph at lines 433--433

 []


Underfull \hbox (badness 10000) in paragraph at lines 437--438

 []


Overfull \hbox (21.2832pt too wide) in paragraph at lines 453--453
 [][] 
 []


Underfull \hbox (badness 2707) in paragraph at lines 453--453
[]\OT1/cmr/m/n/12 Abbildung 20: []Ubersicht der
 []


Underfull \hbox (badness 10000) in paragraph at lines 453--453
\OT1/cmr/m/n/12 ver-schie-de-nen $[]$ und m
 []


Underfull \hbox (badness 10000) in paragraph at lines 453--453
\OT1/cmr/m/n/12 f[]ur un-ter-schied-li-che Wel-
 []

<Meerwasser/Indikator.pdf, id=879, 462.52798pt x 346.89601pt>
File: Meerwasser/Indikator.pdf Graphic file (type pdf)
 <use Meerwasser/Indikator.pdf>
Package pdftex.def Info: Meerwasser/Indikator.pdf used on input line 459.
(pdftex.def)             Requested size: 270.30118pt x 202.73485pt.

Underfull \hbox (badness 2057) in paragraph at lines 459--459
[]\OT1/cmr/m/n/12 Abbildung 21: Absch[]atzung der Kon-zen-tra-ti-ons-
 []


Overfull \hbox (61.13782pt too wide) in paragraph at lines 462--463
\OT1/cmr/m/n/12 glei-chen wie f[]ur das VE-Wasser (sie-he VE-Wasser/Untersuchung Boxmodell-Bedingung/Indikatormethode). 
 []

<Meerwasser/Referenzspektren.pdf, id=880, 462.52798pt x 346.89601pt>
File: Meerwasser/Referenzspektren.pdf Graphic file (type pdf)
 <use Meerwasser/Referenzspektren.pdf>
Package pdftex.def Info: Meerwasser/Referenzspektren.pdf used on input line 468.
(pdftex.def)             Requested size: 341.43306pt x 256.085pt.
 [15 <./Meerwasser/Indikator.pdf>] <Meerwasser/TransferhIKnick.pdf, id=926, 462.52798pt x 346.89601pt>
File: Meerwasser/TransferhIKnick.pdf Graphic file (type pdf)
 <use Meerwasser/TransferhIKnick.pdf>
Package pdftex.def Info: Meerwasser/TransferhIKnick.pdf used on input line 475.
(pdftex.def)             Requested size: 341.43306pt x 256.085pt.
 [16 <./Meerwasser/Referenzspektren.pdf> <./Meerwasser/TransferhIKnick.pdf

pdfTeX warning: pdflatex (file ./Meerwasser/TransferhIKnick.pdf): PDF inclusion: multiple pdfs with page group included in a single page
>] [17] [18] [19] [20] [21] [22] (./Auswertung.aux) ) 
Here is how much of TeX's memory you used:
 4147 strings out of 492995
 61775 string characters out of 6132704
 127831 words of memory out of 5000000
 7631 multiletter control sequences out of 15000+600000
 17191 words of font info for 47 fonts, out of 8000000 for 9000
 1141 hyphenation exceptions out of 8191
 39i,12n,27p,1875b,528s stack positions out of 5000i,500n,10000p,200000b,80000s
</usr/local/texlive/2017/texmf-dist/fonts/type1/public/amsfonts/cm/cmbx12.pfb></usr/local/texlive/2017/texmf-dist/fonts/type1/public/amsfonts/cm/cmex10.pfb></usr/local/texlive/2017/texmf-dist/fonts/type1/public/amsfonts/cm/cmmi12.pfb></usr/local/texlive/2017/texmf-dist/fonts/type1/public/amsfonts/cm/cmr10.pfb></usr/local/texlive/2017/texmf-dist/fonts/type1/public/amsfonts/cm/cmr12.pfb></usr/local/texlive/2017/texmf-dist/fonts/type1/public/amsfonts/cm/cmr17.pfb></usr/local/texlive/2017/texmf-dist/fonts/type1/public/amsfonts/cm/cmr8.pfb></usr/local/texlive/2017/texmf-dist/fonts/type1/public/amsfonts/cm/cmr9.pfb></usr/local/texlive/2017/texmf-dist/fonts/type1/public/amsfonts/cm/cmsy10.pfb></usr/local/texlive/2017/texmf-dist/fonts/type1/public/cbfonts/grmn1000.pfb></usr/local/texlive/2017/texmf-dist/fonts/type1/public/cbfonts/grmn1200.pfb>
Output written on Auswertung.pdf (22 pages, 2398044 bytes).
PDF statistics:
 1076 PDF objects out of 1200 (max. 8388607)
 264 compressed objects within 3 object streams
 0 named destinations out of 1000 (max. 500000)
 101 words of extra memory for PDF output out of 10000 (max. 10000000)

